# JRE version: OpenJDK Runtime Environment (8.0_252-b09) (build 1.8.0_252-b09)
# Java VM: OpenJDK 64-Bit Server VM (25.252-b09 mixed mode bsd-amd64 compressed oops)
Heap:
 PSYoungGen      total 38400K, used 1266K [0x0000000795580000, 0x00000007b9980000, 0x00000007c0000000)
  eden space 37888K, 3% used [0x0000000795580000,0x00000007956bc890,0x0000000797a80000)
  from space 512K, 0% used [0x00000007b9900000,0x00000007b9900000,0x00000007b9980000)
  to   space 512K, 0% used [0x00000007b9880000,0x00000007b9880000,0x00000007b9900000)
 ParOldGen       total 340480K, used 208203K [0x0000000740000000, 0x0000000754c80000, 0x0000000795580000)
  object space 340480K, 61% used [0x0000000740000000,0x000000074cb52c30,0x0000000754c80000)
 Metaspace       used 56787K, capacity 57275K, committed 57984K, reserved 1099776K
  class space    used 6765K, capacity 6908K, committed 7040K, reserved 1048576K
GC Heap History (10 events):
Event: 9272.110 GC heap before
{Heap before GC invocations=3434 (full 11):
 PSYoungGen      total 36864K, used 36431K [0x0000000795580000, 0x00000007b9980000, 0x00000007c0000000)
  eden space 36352K, 99% used [0x0000000795580000,0x00000007978fbe20,0x0000000797900000)
  from space 512K, 18% used [0x00000007b9900000,0x00000007b9918000,0x00000007b9980000)
  to   space 512K, 0% used [0x00000007b9880000,0x00000007b9880000,0x00000007b9900000)
 ParOldGen       total 340480K, used 212420K [0x0000000740000000, 0x0000000754c80000, 0x0000000795580000)
  object space 340480K, 62% used [0x0000000740000000,0x000000074cf71240,0x0000000754c80000)
 Metaspace       used 56898K, capacity 57495K, committed 57984K, reserved 1099776K
  class space    used 6781K, capacity 6948K, committed 7040K, reserved 1048576K
Event: 9272.113 GC heap after
Heap after GC invocations=3434 (full 11):
 PSYoungGen      total 36864K, used 129K [0x0000000795580000, 0x00000007b9980000, 0x00000007c0000000)
  eden space 36352K, 0% used [0x0000000795580000,0x0000000795580000,0x0000000797900000)
  from space 512K, 25% used [0x00000007b9880000,0x00000007b98a0448,0x00000007b9900000)
  to   space 512K, 0% used [0x00000007b9900000,0x00000007b9900000,0x00000007b9980000)
 ParOldGen       total 340480K, used 212420K [0x0000000740000000, 0x0000000754c80000, 0x0000000795580000)
  object space 340480K, 62% used [0x0000000740000000,0x000000074cf71240,0x0000000754c80000)
 Metaspace       used 56898K, capacity 57495K, committed 57984K, reserved 1099776K
  class space    used 6781K, capacity 6948K, committed 7040K, reserved 1048576K
}
Event: 9275.824 GC heap before
{Heap before GC invocations=3435 (full 11):
 PSYoungGen      total 36864K, used 36481K [0x0000000795580000, 0x00000007b9980000, 0x00000007c0000000)
  eden space 36352K, 100% used [0x0000000795580000,0x0000000797900000,0x0000000797900000)
  from space 512K, 25% used [0x00000007b9880000,0x00000007b98a0448,0x00000007b9900000)
  to   space 512K, 0% used [0x00000007b9900000,0x00000007b9900000,0x00000007b9980000)
 ParOldGen       total 340480K, used 212420K [0x0000000740000000, 0x0000000754c80000, 0x0000000795580000)
  object space 340480K, 62% used [0x0000000740000000,0x000000074cf71240,0x0000000754c80000)
 Metaspace       used 56898K, capacity 57495K, committed 57984K, reserved 1099776K
  class space    used 6781K, capacity 6948K, committed 7040K, reserved 1048576K
Event: 9275.875 GC heap after
Heap after GC invocations=3435 (full 11):
 PSYoungGen      total 36864K, used 224K [0x0000000795580000, 0x00000007b9980000, 0x00000007c0000000)
  eden space 36352K, 0% used [0x0000000795580000,0x0000000795580000,0x0000000797900000)
  from space 512K, 43% used [0x00000007b9900000,0x00000007b9938000,0x00000007b9980000)
  to   space 512K, 0% used [0x00000007b9880000,0x00000007b9880000,0x00000007b9900000)
 ParOldGen       total 340480K, used 212420K [0x0000000740000000, 0x0000000754c80000, 0x0000000795580000)
  object space 340480K, 62% used [0x0000000740000000,0x000000074cf71240,0x0000000754c80000)
 Metaspace       used 56898K, capacity 57495K, committed 57984K, reserved 1099776K
  class space    used 6781K, capacity 6948K, committed 7040K, reserved 1048576K
}
Event: 9278.138 GC heap before
{Heap before GC invocations=3436 (full 11):
 PSYoungGen      total 36864K, used 36576K [0x0000000795580000, 0x00000007b9980000, 0x00000007c0000000)
  eden space 36352K, 100% used [0x0000000795580000,0x0000000797900000,0x0000000797900000)
  from space 512K, 43% used [0x00000007b9900000,0x00000007b9938000,0x00000007b9980000)
  to   space 512K, 0% used [0x00000007b9880000,0x00000007b9880000,0x00000007b9900000)
 ParOldGen       total 340480K, used 212420K [0x0000000740000000, 0x0000000754c80000, 0x0000000795580000)
  object space 340480K, 62% used [0x0000000740000000,0x000000074cf71240,0x0000000754c80000)
 Metaspace       used 56898K, capacity 57495K, committed 57984K, reserved 1099776K
  class space    used 6781K, capacity 6948K, committed 7040K, reserved 1048576K
Event: 9278.216 GC heap after
Heap after GC invocations=3436 (full 11):
 PSYoungGen      total 38400K, used 128K [0x0000000795580000, 0x00000007b9980000, 0x00000007c0000000)
  eden space 37888K, 0% used [0x0000000795580000,0x0000000795580000,0x0000000797a80000)
  from space 512K, 25% used [0x00000007b9880000,0x00000007b98a0000,0x00000007b9900000)
  to   space 512K, 0% used [0x00000007b9900000,0x00000007b9900000,0x00000007b9980000)
 ParOldGen       total 340480K, used 212420K [0x0000000740000000, 0x0000000754c80000, 0x0000000795580000)
  object space 340480K, 62% used [0x0000000740000000,0x000000074cf71240,0x0000000754c80000)
 Metaspace       used 56898K, capacity 57495K, committed 57984K, reserved 1099776K
  class space    used 6781K, capacity 6948K, committed 7040K, reserved 1048576K
}
Event: 9338.621 GC heap before
{Heap before GC invocations=3437 (full 11):
 PSYoungGen      total 38400K, used 14086K [0x0000000795580000, 0x00000007b9980000, 0x00000007c0000000)
  eden space 37888K, 36% used [0x0000000795580000,0x0000000796321bf0,0x0000000797a80000)
  from space 512K, 25% used [0x00000007b9880000,0x00000007b98a0000,0x00000007b9900000)
  to   space 512K, 0% used [0x00000007b9900000,0x00000007b9900000,0x00000007b9980000)
 ParOldGen       total 340480K, used 212420K [0x0000000740000000, 0x0000000754c80000, 0x0000000795580000)
  object space 340480K, 62% used [0x0000000740000000,0x000000074cf71240,0x0000000754c80000)
 Metaspace       used 56924K, capacity 57501K, committed 57984K, reserved 1099776K
  class space    used 6787K, capacity 6949K, committed 7040K, reserved 1048576K
Event: 9341.826 GC heap after
Heap after GC invocations=3437 (full 11):
 PSYoungGen      total 38400K, used 192K [0x0000000795580000, 0x00000007b9980000, 0x00000007c0000000)
  eden space 37888K, 0% used [0x0000000795580000,0x0000000795580000,0x0000000797a80000)
  from space 512K, 37% used [0x00000007b9900000,0x00000007b9930000,0x00000007b9980000)
  to   space 512K, 0% used [0x00000007b9880000,0x00000007b9880000,0x00000007b9900000)
 ParOldGen       total 340480K, used 212420K [0x0000000740000000, 0x0000000754c80000, 0x0000000795580000)
  object space 340480K, 62% used [0x0000000740000000,0x000000074cf71240,0x0000000754c80000)
 Metaspace       used 56924K, capacity 57501K, committed 57984K, reserved 1099776K
  class space    used 6787K, capacity 6949K, committed 7040K, reserved 1048576K
}
Event: 9341.940 GC heap before
{Heap before GC invocations=3438 (full 12):
 PSYoungGen      total 38400K, used 192K [0x0000000795580000, 0x00000007b9980000, 0x00000007c0000000)
  eden space 37888K, 0% used [0x0000000795580000,0x0000000795580000,0x0000000797a80000)
  from space 512K, 37% used [0x00000007b9900000,0x00000007b9930000,0x00000007b9980000)
  to   space 512K, 0% used [0x00000007b9880000,0x00000007b9880000,0x00000007b9900000)
 ParOldGen       total 340480K, used 212420K [0x0000000740000000, 0x0000000754c80000, 0x0000000795580000)
  object space 340480K, 62% used [0x0000000740000000,0x000000074cf71240,0x0000000754c80000)
 Metaspace       used 56924K, capacity 57501K, committed 57984K, reserved 1099776K
  class space    used 6787K, capacity 6949K, committed 7040K, reserved 1048576K
Event: 9474.309 GC heap after
Heap after GC invocations=3438 (full 12):
 PSYoungGen      total 38400K, used 0K [0x0000000795580000, 0x00000007b9980000, 0x00000007c0000000)
  eden space 37888K, 0% used [0x0000000795580000,0x0000000795580000,0x0000000797a80000)
  from space 512K, 0% used [0x00000007b9900000,0x00000007b9900000,0x00000007b9980000)
  to   space 512K, 0% used [0x00000007b9880000,0x00000007b9880000,0x00000007b9900000)
 ParOldGen       total 340480K, used 208203K [0x0000000740000000, 0x0000000754c80000, 0x0000000795580000)
  object space 340480K, 61% used [0x0000000740000000,0x000000074cb52c30,0x0000000754c80000)
 Metaspace       used 56785K, capacity 57275K, committed 57984K, reserved 1099776K
  class space    used 6765K, capacity 6908K, committed 7040K, reserved 1048576K
}

