# JRE version: OpenJDK Runtime Environment (8.0_252-b09) (build 1.8.0_252-b09)
# Java VM: OpenJDK 64-Bit Server VM (25.252-b09 mixed mode bsd-amd64 compressed oops)
Heap:
 PSYoungGen      total 639488K, used 31363K [0x0000000795580000, 0x00000007bf880000, 0x00000007c0000000)
  eden space 593920K, 3% used [0x0000000795580000,0x0000000796808770,0x00000007b9980000)
  from space 45568K, 27% used [0x00000007bcc00000,0x00000007bd8184d8,0x00000007bf880000)
  to   space 48640K, 0% used [0x00000007b9980000,0x00000007b9980000,0x00000007bc900000)
 ParOldGen       total 349696K, used 216063K [0x0000000740000000, 0x0000000755580000, 0x0000000795580000)
  object space 349696K, 61% used [0x0000000740000000,0x000000074d2ffc60,0x0000000755580000)
 Metaspace       used 56392K, capacity 57001K, committed 57472K, reserved 1099776K
  class space    used 6774K, capacity 6941K, committed 7040K, reserved 1048576K
GC Heap History (10 events):
Event: 240.759 GC heap before
{Heap before GC invocations=36 (full 8):
 PSYoungGen      total 628224K, used 576730K [0x0000000795580000, 0x00000007bfe00000, 0x00000007c0000000)
  eden space 565248K, 100% used [0x0000000795580000,0x00000007b7d80000,0x00000007b7d80000)
  from space 62976K, 18% used [0x00000007b7d80000,0x00000007b88b6a48,0x00000007bbb00000)
  to   space 60928K, 0% used [0x00000007bc280000,0x00000007bc280000,0x00000007bfe00000)
 ParOldGen       total 349696K, used 216047K [0x0000000740000000, 0x0000000755580000, 0x0000000795580000)
  object space 349696K, 61% used [0x0000000740000000,0x000000074d2fbc60,0x0000000755580000)
 Metaspace       used 56235K, capacity 56809K, committed 57216K, reserved 1099776K
  class space    used 6765K, capacity 6941K, committed 7040K, reserved 1048576K
Event: 240.774 GC heap after
Heap after GC invocations=36 (full 8):
 PSYoungGen      total 630784K, used 11441K [0x0000000795580000, 0x00000007bf900000, 0x00000007c0000000)
  eden space 574976K, 0% used [0x0000000795580000,0x0000000795580000,0x00000007b8700000)
  from space 55808K, 20% used [0x00000007bc280000,0x00000007bcdac4f0,0x00000007bf900000)
  to   space 58368K, 0% used [0x00000007b8700000,0x00000007b8700000,0x00000007bc000000)
 ParOldGen       total 349696K, used 216047K [0x0000000740000000, 0x0000000755580000, 0x0000000795580000)
  object space 349696K, 61% used [0x0000000740000000,0x000000074d2fbc60,0x0000000755580000)
 Metaspace       used 56235K, capacity 56809K, committed 57216K, reserved 1099776K
  class space    used 6765K, capacity 6941K, committed 7040K, reserved 1048576K
}
Event: 269.350 GC heap before
{Heap before GC invocations=37 (full 8):
 PSYoungGen      total 630784K, used 586417K [0x0000000795580000, 0x00000007bf900000, 0x00000007c0000000)
  eden space 574976K, 100% used [0x0000000795580000,0x00000007b8700000,0x00000007b8700000)
  from space 55808K, 20% used [0x00000007bc280000,0x00000007bcdac4f0,0x00000007bf900000)
  to   space 58368K, 0% used [0x00000007b8700000,0x00000007b8700000,0x00000007bc000000)
 ParOldGen       total 349696K, used 216047K [0x0000000740000000, 0x0000000755580000, 0x0000000795580000)
  object space 349696K, 61% used [0x0000000740000000,0x000000074d2fbc60,0x0000000755580000)
 Metaspace       used 56274K, capacity 56809K, committed 57216K, reserved 1099776K
  class space    used 6765K, capacity 6941K, committed 7040K, reserved 1048576K
Event: 269.371 GC heap after
Heap after GC invocations=37 (full 8):
 PSYoungGen      total 633344K, used 11969K [0x0000000795580000, 0x00000007bfe80000, 0x00000007c0000000)
  eden space 574976K, 0% used [0x0000000795580000,0x0000000795580000,0x00000007b8700000)
  from space 58368K, 20% used [0x00000007b8700000,0x00000007b92b0500,0x00000007bc000000)
  to   space 56320K, 0% used [0x00000007bc780000,0x00000007bc780000,0x00000007bfe80000)
 ParOldGen       total 349696K, used 216055K [0x0000000740000000, 0x0000000755580000, 0x0000000795580000)
  object space 349696K, 61% used [0x0000000740000000,0x000000074d2fdc60,0x0000000755580000)
 Metaspace       used 56274K, capacity 56809K, committed 57216K, reserved 1099776K
  class space    used 6765K, capacity 6941K, committed 7040K, reserved 1048576K
}
Event: 315.767 GC heap before
{Heap before GC invocations=38 (full 8):
 PSYoungGen      total 633344K, used 586945K [0x0000000795580000, 0x00000007bfe80000, 0x00000007c0000000)
  eden space 574976K, 100% used [0x0000000795580000,0x00000007b8700000,0x00000007b8700000)
  from space 58368K, 20% used [0x00000007b8700000,0x00000007b92b0500,0x00000007bc000000)
  to   space 56320K, 0% used [0x00000007bc780000,0x00000007bc780000,0x00000007bfe80000)
 ParOldGen       total 349696K, used 216055K [0x0000000740000000, 0x0000000755580000, 0x0000000795580000)
  object space 349696K, 61% used [0x0000000740000000,0x000000074d2fdc60,0x0000000755580000)
 Metaspace       used 56334K, capacity 56873K, committed 57216K, reserved 1099776K
  class space    used 6766K, capacity 6941K, committed 7040K, reserved 1048576K
Event: 315.788 GC heap after
Heap after GC invocations=38 (full 8):
 PSYoungGen      total 634880K, used 12433K [0x0000000795580000, 0x00000007bf900000, 0x00000007c0000000)
  eden space 584192K, 0% used [0x0000000795580000,0x0000000795580000,0x00000007b9000000)
  from space 50688K, 24% used [0x00000007bc780000,0x00000007bd3a44f0,0x00000007bf900000)
  to   space 53760K, 0% used [0x00000007b9000000,0x00000007b9000000,0x00000007bc480000)
 ParOldGen       total 349696K, used 216063K [0x0000000740000000, 0x0000000755580000, 0x0000000795580000)
  object space 349696K, 61% used [0x0000000740000000,0x000000074d2ffc60,0x0000000755580000)
 Metaspace       used 56334K, capacity 56873K, committed 57216K, reserved 1099776K
  class space    used 6766K, capacity 6941K, committed 7040K, reserved 1048576K
}
Event: 330.415 GC heap before
{Heap before GC invocations=39 (full 8):
 PSYoungGen      total 634880K, used 596625K [0x0000000795580000, 0x00000007bf900000, 0x00000007c0000000)
  eden space 584192K, 100% used [0x0000000795580000,0x00000007b9000000,0x00000007b9000000)
  from space 50688K, 24% used [0x00000007bc780000,0x00000007bd3a44f0,0x00000007bf900000)
  to   space 53760K, 0% used [0x00000007b9000000,0x00000007b9000000,0x00000007bc480000)
 ParOldGen       total 349696K, used 216063K [0x0000000740000000, 0x0000000755580000, 0x0000000795580000)
  object space 349696K, 61% used [0x0000000740000000,0x000000074d2ffc60,0x0000000755580000)
 Metaspace       used 56347K, capacity 56873K, committed 57216K, reserved 1099776K
  class space    used 6766K, capacity 6941K, committed 7040K, reserved 1048576K
Event: 330.442 GC heap after
Heap after GC invocations=39 (full 8):
 PSYoungGen      total 637952K, used 12497K [0x0000000795580000, 0x00000007bfe00000, 0x00000007c0000000)
  eden space 584192K, 0% used [0x0000000795580000,0x0000000795580000,0x00000007b9000000)
  from space 53760K, 23% used [0x00000007b9000000,0x00000007b9c344e8,0x00000007bc480000)
  to   space 51200K, 0% used [0x00000007bcc00000,0x00000007bcc00000,0x00000007bfe00000)
 ParOldGen       total 349696K, used 216063K [0x0000000740000000, 0x0000000755580000, 0x0000000795580000)
  object space 349696K, 61% used [0x0000000740000000,0x000000074d2ffc60,0x0000000755580000)
 Metaspace       used 56347K, capacity 56873K, committed 57216K, reserved 1099776K
  class space    used 6766K, capacity 6941K, committed 7040K, reserved 1048576K
}
Event: 382.551 GC heap before
{Heap before GC invocations=40 (full 8):
 PSYoungGen      total 637952K, used 596689K [0x0000000795580000, 0x00000007bfe00000, 0x00000007c0000000)
  eden space 584192K, 100% used [0x0000000795580000,0x00000007b9000000,0x00000007b9000000)
  from space 53760K, 23% used [0x00000007b9000000,0x00000007b9c344e8,0x00000007bc480000)
  to   space 51200K, 0% used [0x00000007bcc00000,0x00000007bcc00000,0x00000007bfe00000)
 ParOldGen       total 349696K, used 216063K [0x0000000740000000, 0x0000000755580000, 0x0000000795580000)
  object space 349696K, 61% used [0x0000000740000000,0x000000074d2ffc60,0x0000000755580000)
 Metaspace       used 56356K, capacity 56937K, committed 57216K, reserved 1099776K
  class space    used 6766K, capacity 6941K, committed 7040K, reserved 1048576K
Event: 383.312 GC heap after
Heap after GC invocations=40 (full 8):
 PSYoungGen      total 639488K, used 12385K [0x0000000795580000, 0x00000007bf880000, 0x00000007c0000000)
  eden space 593920K, 0% used [0x0000000795580000,0x0000000795580000,0x00000007b9980000)
  from space 45568K, 27% used [0x00000007bcc00000,0x00000007bd8184d8,0x00000007bf880000)
  to   space 48640K, 0% used [0x00000007b9980000,0x00000007b9980000,0x00000007bc900000)
 ParOldGen       total 349696K, used 216063K [0x0000000740000000, 0x0000000755580000, 0x0000000795580000)
  object space 349696K, 61% used [0x0000000740000000,0x000000074d2ffc60,0x0000000755580000)
 Metaspace       used 56356K, capacity 56937K, committed 57216K, reserved 1099776K
  class space    used 6766K, capacity 6941K, committed 7040K, reserved 1048576K
}

