# JRE version: OpenJDK Runtime Environment (8.0_252-b09) (build 1.8.0_252-b09)
# Java VM: OpenJDK 64-Bit Server VM (25.252-b09 mixed mode bsd-amd64 compressed oops)
Heap:
 PSYoungGen      total 602112K, used 453111K [0x0000000795580000, 0x00000007beb80000, 0x00000007c0000000)
  eden space 601088K, 75% used [0x0000000795580000,0x00000007b0f0df98,0x00000007ba080000)
  from space 1024K, 93% used [0x00000007bea80000,0x00000007beb70000,0x00000007beb80000)
  to   space 7168K, 0% used [0x00000007bdd80000,0x00000007bdd80000,0x00000007be480000)
 ParOldGen       total 371200K, used 216427K [0x0000000740000000, 0x0000000756a80000, 0x0000000795580000)
  object space 371200K, 58% used [0x0000000740000000,0x000000074d35adc0,0x0000000756a80000)
 Metaspace       used 57742K, capacity 58355K, committed 58752K, reserved 1101824K
  class space    used 6793K, capacity 6960K, committed 7040K, reserved 1048576K
GC Heap History (10 events):
Event: 4635.674 GC heap before
{Heap before GC invocations=268 (full 118):
 PSYoungGen      total 690688K, used 682688K [0x0000000795580000, 0x00000007c0000000, 0x00000007c0000000)
  eden space 682496K, 100% used [0x0000000795580000,0x00000007bf000000,0x00000007bf000000)
  from space 8192K, 2% used [0x00000007bf000000,0x00000007bf030000,0x00000007bf800000)
  to   space 8192K, 0% used [0x00000007bf800000,0x00000007bf800000,0x00000007c0000000)
 ParOldGen       total 371200K, used 216419K [0x0000000740000000, 0x0000000756a80000, 0x0000000795580000)
  object space 371200K, 58% used [0x0000000740000000,0x000000074d358dc0,0x0000000756a80000)
 Metaspace       used 57643K, capacity 58291K, committed 58752K, reserved 1101824K
  class space    used 6779K, capacity 6960K, committed 7040K, reserved 1048576K
Event: 4635.788 GC heap after
Heap after GC invocations=268 (full 118):
 PSYoungGen      total 653824K, used 192K [0x0000000795580000, 0x00000007bf880000, 0x00000007c0000000)
  eden space 653312K, 0% used [0x0000000795580000,0x0000000795580000,0x00000007bd380000)
  from space 512K, 37% used [0x00000007bf800000,0x00000007bf830000,0x00000007bf880000)
  to   space 8192K, 0% used [0x00000007be880000,0x00000007be880000,0x00000007bf080000)
 ParOldGen       total 371200K, used 216419K [0x0000000740000000, 0x0000000756a80000, 0x0000000795580000)
  object space 371200K, 58% used [0x0000000740000000,0x000000074d358dc0,0x0000000756a80000)
 Metaspace       used 57643K, capacity 58291K, committed 58752K, reserved 1101824K
  class space    used 6779K, capacity 6960K, committed 7040K, reserved 1048576K
}
Event: 4767.333 GC heap before
{Heap before GC invocations=269 (full 118):
 PSYoungGen      total 653824K, used 653504K [0x0000000795580000, 0x00000007bf880000, 0x00000007c0000000)
  eden space 653312K, 100% used [0x0000000795580000,0x00000007bd380000,0x00000007bd380000)
  from space 512K, 37% used [0x00000007bf800000,0x00000007bf830000,0x00000007bf880000)
  to   space 8192K, 0% used [0x00000007be880000,0x00000007be880000,0x00000007bf080000)
 ParOldGen       total 371200K, used 216419K [0x0000000740000000, 0x0000000756a80000, 0x0000000795580000)
  object space 371200K, 58% used [0x0000000740000000,0x000000074d358dc0,0x0000000756a80000)
 Metaspace       used 57646K, capacity 58291K, committed 58752K, reserved 1101824K
  class space    used 6779K, capacity 6960K, committed 7040K, reserved 1048576K
Event: 4767.509 GC heap after
Heap after GC invocations=269 (full 118):
 PSYoungGen      total 633856K, used 992K [0x0000000795580000, 0x00000007bf880000, 0x00000007c0000000)
  eden space 625664K, 0% used [0x0000000795580000,0x0000000795580000,0x00000007bb880000)
  from space 8192K, 12% used [0x00000007be880000,0x00000007be978000,0x00000007bf080000)
  to   space 7680K, 0% used [0x00000007bf100000,0x00000007bf100000,0x00000007bf880000)
 ParOldGen       total 371200K, used 216427K [0x0000000740000000, 0x0000000756a80000, 0x0000000795580000)
  object space 371200K, 58% used [0x0000000740000000,0x000000074d35adc0,0x0000000756a80000)
 Metaspace       used 57646K, capacity 58291K, committed 58752K, reserved 1101824K
  class space    used 6779K, capacity 6960K, committed 7040K, reserved 1048576K
}
Event: 4877.699 GC heap before
{Heap before GC invocations=270 (full 118):
 PSYoungGen      total 633856K, used 626656K [0x0000000795580000, 0x00000007bf880000, 0x00000007c0000000)
  eden space 625664K, 100% used [0x0000000795580000,0x00000007bb880000,0x00000007bb880000)
  from space 8192K, 12% used [0x00000007be880000,0x00000007be978000,0x00000007bf080000)
  to   space 7680K, 0% used [0x00000007bf100000,0x00000007bf100000,0x00000007bf880000)
 ParOldGen       total 371200K, used 216427K [0x0000000740000000, 0x0000000756a80000, 0x0000000795580000)
  object space 371200K, 58% used [0x0000000740000000,0x000000074d35adc0,0x0000000756a80000)
 Metaspace       used 57646K, capacity 58291K, committed 58752K, reserved 1101824K
  class space    used 6779K, capacity 6960K, committed 7040K, reserved 1048576K
Event: 4877.844 GC heap after
Heap after GC invocations=270 (full 118):
 PSYoungGen      total 600576K, used 832K [0x0000000795580000, 0x00000007bf200000, 0x00000007c0000000)
  eden space 599552K, 0% used [0x0000000795580000,0x0000000795580000,0x00000007b9f00000)
  from space 1024K, 81% used [0x00000007bf100000,0x00000007bf1d0000,0x00000007bf200000)
  to   space 7680K, 0% used [0x00000007be300000,0x00000007be300000,0x00000007bea80000)
 ParOldGen       total 371200K, used 216427K [0x0000000740000000, 0x0000000756a80000, 0x0000000795580000)
  object space 371200K, 58% used [0x0000000740000000,0x000000074d35adc0,0x0000000756a80000)
 Metaspace       used 57646K, capacity 58291K, committed 58752K, reserved 1101824K
  class space    used 6779K, capacity 6960K, committed 7040K, reserved 1048576K
}
Event: 5009.222 GC heap before
{Heap before GC invocations=271 (full 118):
 PSYoungGen      total 600576K, used 600384K [0x0000000795580000, 0x00000007bf200000, 0x00000007c0000000)
  eden space 599552K, 100% used [0x0000000795580000,0x00000007b9f00000,0x00000007b9f00000)
  from space 1024K, 81% used [0x00000007bf100000,0x00000007bf1d0000,0x00000007bf200000)
  to   space 7680K, 0% used [0x00000007be300000,0x00000007be300000,0x00000007bea80000)
 ParOldGen       total 371200K, used 216427K [0x0000000740000000, 0x0000000756a80000, 0x0000000795580000)
  object space 371200K, 58% used [0x0000000740000000,0x000000074d35adc0,0x0000000756a80000)
 Metaspace       used 57647K, capacity 58291K, committed 58752K, reserved 1101824K
  class space    used 6779K, capacity 6960K, committed 7040K, reserved 1048576K
Event: 5009.855 GC heap after
Heap after GC invocations=271 (full 118):
 PSYoungGen      total 582144K, used 640K [0x0000000795580000, 0x00000007bf180000, 0x00000007c0000000)
  eden space 574464K, 0% used [0x0000000795580000,0x0000000795580000,0x00000007b8680000)
  from space 7680K, 8% used [0x00000007be300000,0x00000007be3a0000,0x00000007bea80000)
  to   space 7168K, 0% used [0x00000007bea80000,0x00000007bea80000,0x00000007bf180000)
 ParOldGen       total 371200K, used 216427K [0x0000000740000000, 0x0000000756a80000, 0x0000000795580000)
  object space 371200K, 58% used [0x0000000740000000,0x000000074d35adc0,0x0000000756a80000)
 Metaspace       used 57647K, capacity 58291K, committed 58752K, reserved 1101824K
  class space    used 6779K, capacity 6960K, committed 7040K, reserved 1048576K
}
Event: 5116.107 GC heap before
{Heap before GC invocations=272 (full 118):
 PSYoungGen      total 582144K, used 575104K [0x0000000795580000, 0x00000007bf180000, 0x00000007c0000000)
  eden space 574464K, 100% used [0x0000000795580000,0x00000007b8680000,0x00000007b8680000)
  from space 7680K, 8% used [0x00000007be300000,0x00000007be3a0000,0x00000007bea80000)
  to   space 7168K, 0% used [0x00000007bea80000,0x00000007bea80000,0x00000007bf180000)
 ParOldGen       total 371200K, used 216427K [0x0000000740000000, 0x0000000756a80000, 0x0000000795580000)
  object space 371200K, 58% used [0x0000000740000000,0x000000074d35adc0,0x0000000756a80000)
 Metaspace       used 57648K, capacity 58291K, committed 58752K, reserved 1101824K
  class space    used 6779K, capacity 6960K, committed 7040K, reserved 1048576K
Event: 5119.171 GC heap after
Heap after GC invocations=272 (full 118):
 PSYoungGen      total 602112K, used 960K [0x0000000795580000, 0x00000007beb80000, 0x00000007c0000000)
  eden space 601088K, 0% used [0x0000000795580000,0x0000000795580000,0x00000007ba080000)
  from space 1024K, 93% used [0x00000007bea80000,0x00000007beb70000,0x00000007beb80000)
  to   space 7168K, 0% used [0x00000007bdd80000,0x00000007bdd80000,0x00000007be480000)
 ParOldGen       total 371200K, used 216427K [0x0000000740000000, 0x0000000756a80000, 0x0000000795580000)
  object space 371200K, 58% used [0x0000000740000000,0x000000074d35adc0,0x0000000756a80000)
 Metaspace       used 57648K, capacity 58291K, committed 58752K, reserved 1101824K
  class space    used 6779K, capacity 6960K, committed 7040K, reserved 1048576K
}

